{"C:\\Users\\Dibya Das Gupta\\Documents\\Student-Management-Api\\src\\app.js": {"path":"C:\\Users\\Dibya Das Gupta\\Documents\\Student-Management-Api\\src\\app.js","statementMap":{"0":{"start":{"line":1,"column":16},"end":{"line":1,"column":34}},"1":{"start":{"line":2,"column":13},"end":{"line":2,"column":28}},"2":{"start":{"line":3,"column":15},"end":{"line":3,"column":32}},"3":{"start":{"line":4,"column":15},"end":{"line":4,"column":32}},"4":{"start":{"line":5,"column":21},"end":{"line":5,"column":45}},"5":{"start":{"line":6,"column":42},"end":{"line":6,"column":82}},"6":{"start":{"line":7,"column":19},"end":{"line":7,"column":50}},"7":{"start":{"line":8,"column":22},"end":{"line":8,"column":56}},"8":{"start":{"line":9,"column":21},"end":{"line":9,"column":46}},"9":{"start":{"line":11,"column":12},"end":{"line":11,"column":21}},"10":{"start":{"line":14,"column":0},"end":{"line":14,"column":18}},"11":{"start":{"line":17,"column":0},"end":{"line":22,"column":2}},"12":{"start":{"line":25,"column":21},"end":{"line":25,"column":79}},"13":{"start":{"line":26,"column":0},"end":{"line":26,"column":30}},"14":{"start":{"line":29,"column":0},"end":{"line":29,"column":41}},"15":{"start":{"line":30,"column":0},"end":{"line":30,"column":63}},"16":{"start":{"line":33,"column":0},"end":{"line":33,"column":24}},"17":{"start":{"line":36,"column":0},"end":{"line":42,"column":3}},"18":{"start":{"line":37,"column":2},"end":{"line":41,"column":5}},"19":{"start":{"line":45,"column":0},"end":{"line":45,"column":18}},"20":{"start":{"line":48,"column":0},"end":{"line":48,"column":36}},"21":{"start":{"line":49,"column":0},"end":{"line":49,"column":43}},"22":{"start":{"line":52,"column":0},"end":{"line":52,"column":25}},"23":{"start":{"line":55,"column":0},"end":{"line":55,"column":22}},"24":{"start":{"line":57,"column":0},"end":{"line":57,"column":21}}},"fnMap":{"0":{"name":"(anonymous_0)","decl":{"start":{"line":36,"column":19},"end":{"line":36,"column":20}},"loc":{"start":{"line":36,"column":33},"end":{"line":42,"column":1}},"line":36}},"branchMap":{"0":{"loc":{"start":{"line":19,"column":12},"end":{"line":19,"column":42}},"type":"binary-expr","locations":[{"start":{"line":19,"column":12},"end":{"line":19,"column":35}},{"start":{"line":19,"column":39},"end":{"line":19,"column":42}}],"line":19},"1":{"loc":{"start":{"line":25,"column":21},"end":{"line":25,"column":79}},"type":"cond-expr","locations":[{"start":{"line":25,"column":61},"end":{"line":25,"column":71}},{"start":{"line":25,"column":74},"end":{"line":25,"column":79}}],"line":25}},"s":{"0":1,"1":1,"2":1,"3":1,"4":1,"5":1,"6":1,"7":1,"8":1,"9":1,"10":1,"11":1,"12":1,"13":1,"14":1,"15":1,"16":1,"17":1,"18":1,"19":1,"20":1,"21":1,"22":1,"23":1,"24":1},"f":{"0":1},"b":{"0":[1,1],"1":[0,1]},"_coverageSchema":"1a1c01bbd47fc00a2c39e90264f33305004495a9","hash":"4f6f669158eb06f1433749b086f812f8f0308315"}
,"C:\\Users\\Dibya Das Gupta\\Documents\\Student-Management-Api\\src\\controllers\\auth.controller.js": {"path":"C:\\Users\\Dibya Das Gupta\\Documents\\Student-Management-Api\\src\\controllers\\auth.controller.js","statementMap":{"0":{"start":{"line":1,"column":20},"end":{"line":1,"column":55}},"1":{"start":{"line":2,"column":21},"end":{"line":2,"column":53}},"2":{"start":{"line":8,"column":22},"end":{"line":13,"column":1}},"3":{"start":{"line":18,"column":17},"end":{"line":29,"column":2}},"4":{"start":{"line":19,"column":26},"end":{"line":19,"column":66}},"5":{"start":{"line":22,"column":2},"end":{"line":22,"column":42}},"6":{"start":{"line":24,"column":2},"end":{"line":28,"column":5}},"7":{"start":{"line":34,"column":14},"end":{"line":46,"column":2}},"8":{"start":{"line":35,"column":30},"end":{"line":35,"column":38}},"9":{"start":{"line":36,"column":26},"end":{"line":36,"column":70}},"10":{"start":{"line":39,"column":2},"end":{"line":39,"column":42}},"11":{"start":{"line":41,"column":2},"end":{"line":45,"column":5}},"12":{"start":{"line":51,"column":15},"end":{"line":61,"column":2}},"13":{"start":{"line":52,"column":2},"end":{"line":55,"column":5}},"14":{"start":{"line":57,"column":2},"end":{"line":60,"column":5}},"15":{"start":{"line":63,"column":0},"end":{"line":67,"column":2}}},"fnMap":{"0":{"name":"(anonymous_0)","decl":{"start":{"line":18,"column":30},"end":{"line":18,"column":31}},"loc":{"start":{"line":18,"column":50},"end":{"line":29,"column":1}},"line":18},"1":{"name":"(anonymous_1)","decl":{"start":{"line":34,"column":27},"end":{"line":34,"column":28}},"loc":{"start":{"line":34,"column":47},"end":{"line":46,"column":1}},"line":34},"2":{"name":"(anonymous_2)","decl":{"start":{"line":51,"column":28},"end":{"line":51,"column":29}},"loc":{"start":{"line":51,"column":48},"end":{"line":61,"column":1}},"line":51}},"branchMap":{},"s":{"0":1,"1":1,"2":1,"3":1,"4":0,"5":0,"6":0,"7":1,"8":0,"9":0,"10":0,"11":0,"12":1,"13":0,"14":0,"15":1},"f":{"0":0,"1":0,"2":0},"b":{},"_coverageSchema":"1a1c01bbd47fc00a2c39e90264f33305004495a9","hash":"9bf94c3cc1ee574c9d124c411dba8c66fcd21d56"}
,"C:\\Users\\Dibya Das Gupta\\Documents\\Student-Management-Api\\src\\controllers\\student.controller.js": {"path":"C:\\Users\\Dibya Das Gupta\\Documents\\Student-Management-Api\\src\\controllers\\student.controller.js","statementMap":{"0":{"start":{"line":1,"column":23},"end":{"line":1,"column":61}},"1":{"start":{"line":2,"column":21},"end":{"line":2,"column":53}},"2":{"start":{"line":9,"column":22},"end":{"line":17,"column":2}},"3":{"start":{"line":10,"column":18},"end":{"line":10,"column":62}},"4":{"start":{"line":12,"column":2},"end":{"line":16,"column":5}},"5":{"start":{"line":24,"column":20},"end":{"line":33,"column":2}},"6":{"start":{"line":25,"column":17},"end":{"line":25,"column":60}},"7":{"start":{"line":27,"column":2},"end":{"line":32,"column":5}},"8":{"start":{"line":40,"column":23},"end":{"line":48,"column":2}},"9":{"start":{"line":41,"column":18},"end":{"line":41,"column":68}},"10":{"start":{"line":43,"column":2},"end":{"line":47,"column":5}},"11":{"start":{"line":55,"column":22},"end":{"line":63,"column":2}},"12":{"start":{"line":56,"column":18},"end":{"line":56,"column":77}},"13":{"start":{"line":58,"column":2},"end":{"line":62,"column":5}},"14":{"start":{"line":70,"column":22},"end":{"line":78,"column":2}},"15":{"start":{"line":71,"column":2},"end":{"line":71,"column":52}},"16":{"start":{"line":73,"column":2},"end":{"line":77,"column":5}},"17":{"start":{"line":80,"column":0},"end":{"line":86,"column":2}}},"fnMap":{"0":{"name":"(anonymous_0)","decl":{"start":{"line":9,"column":35},"end":{"line":9,"column":36}},"loc":{"start":{"line":9,"column":55},"end":{"line":17,"column":1}},"line":9},"1":{"name":"(anonymous_1)","decl":{"start":{"line":24,"column":33},"end":{"line":24,"column":34}},"loc":{"start":{"line":24,"column":53},"end":{"line":33,"column":1}},"line":24},"2":{"name":"(anonymous_2)","decl":{"start":{"line":40,"column":36},"end":{"line":40,"column":37}},"loc":{"start":{"line":40,"column":56},"end":{"line":48,"column":1}},"line":40},"3":{"name":"(anonymous_3)","decl":{"start":{"line":55,"column":35},"end":{"line":55,"column":36}},"loc":{"start":{"line":55,"column":55},"end":{"line":63,"column":1}},"line":55},"4":{"name":"(anonymous_4)","decl":{"start":{"line":70,"column":35},"end":{"line":70,"column":36}},"loc":{"start":{"line":70,"column":55},"end":{"line":78,"column":1}},"line":70}},"branchMap":{},"s":{"0":1,"1":1,"2":1,"3":0,"4":0,"5":1,"6":0,"7":0,"8":1,"9":0,"10":0,"11":1,"12":0,"13":0,"14":1,"15":0,"16":0,"17":1},"f":{"0":0,"1":0,"2":0,"3":0,"4":0},"b":{},"_coverageSchema":"1a1c01bbd47fc00a2c39e90264f33305004495a9","hash":"e4becb161e45352f24042f91ba5f1b32190f2f07"}
,"C:\\Users\\Dibya Das Gupta\\Documents\\Student-Management-Api\\src\\middleware\\auth.middleware.js": {"path":"C:\\Users\\Dibya Das Gupta\\Documents\\Student-Management-Api\\src\\middleware\\auth.middleware.js","statementMap":{"0":{"start":{"line":1,"column":12},"end":{"line":1,"column":35}},"1":{"start":{"line":2,"column":11},"end":{"line":2,"column":40}},"2":{"start":{"line":3,"column":17},"end":{"line":3,"column":45}},"3":{"start":{"line":4,"column":21},"end":{"line":4,"column":53}},"4":{"start":{"line":10,"column":21},"end":{"line":47,"column":2}},"5":{"start":{"line":14,"column":2},"end":{"line":18,"column":3}},"6":{"start":{"line":15,"column":4},"end":{"line":15,"column":28}},"7":{"start":{"line":16,"column":9},"end":{"line":18,"column":3}},"8":{"start":{"line":17,"column":4},"end":{"line":17,"column":52}},"9":{"start":{"line":20,"column":2},"end":{"line":22,"column":3}},"10":{"start":{"line":21,"column":4},"end":{"line":21,"column":83}},"11":{"start":{"line":25,"column":2},"end":{"line":46,"column":3}},"12":{"start":{"line":26,"column":20},"end":{"line":26,"column":61}},"13":{"start":{"line":29,"column":23},"end":{"line":29,"column":108}},"14":{"start":{"line":31,"column":4},"end":{"line":33,"column":5}},"15":{"start":{"line":32,"column":6},"end":{"line":32,"column":84}},"16":{"start":{"line":36,"column":4},"end":{"line":36,"column":34}},"17":{"start":{"line":37,"column":4},"end":{"line":37,"column":11}},"18":{"start":{"line":39,"column":4},"end":{"line":41,"column":5}},"19":{"start":{"line":40,"column":6},"end":{"line":40,"column":69}},"20":{"start":{"line":42,"column":4},"end":{"line":44,"column":5}},"21":{"start":{"line":43,"column":6},"end":{"line":43,"column":78}},"22":{"start":{"line":45,"column":4},"end":{"line":45,"column":16}},"23":{"start":{"line":54,"column":18},"end":{"line":61,"column":1}},"24":{"start":{"line":55,"column":2},"end":{"line":60,"column":4}},"25":{"start":{"line":56,"column":4},"end":{"line":58,"column":5}},"26":{"start":{"line":57,"column":6},"end":{"line":57,"column":84}},"27":{"start":{"line":59,"column":4},"end":{"line":59,"column":11}},"28":{"start":{"line":63,"column":0},"end":{"line":66,"column":2}}},"fnMap":{"0":{"name":"(anonymous_0)","decl":{"start":{"line":10,"column":34},"end":{"line":10,"column":35}},"loc":{"start":{"line":10,"column":60},"end":{"line":47,"column":1}},"line":10},"1":{"name":"(anonymous_1)","decl":{"start":{"line":54,"column":18},"end":{"line":54,"column":19}},"loc":{"start":{"line":54,"column":32},"end":{"line":61,"column":1}},"line":54},"2":{"name":"(anonymous_2)","decl":{"start":{"line":55,"column":9},"end":{"line":55,"column":10}},"loc":{"start":{"line":55,"column":29},"end":{"line":60,"column":3}},"line":55}},"branchMap":{"0":{"loc":{"start":{"line":14,"column":2},"end":{"line":18,"column":3}},"type":"if","locations":[{"start":{"line":14,"column":2},"end":{"line":18,"column":3}},{"start":{"line":16,"column":9},"end":{"line":18,"column":3}}],"line":14},"1":{"loc":{"start":{"line":14,"column":6},"end":{"line":14,"column":36}},"type":"binary-expr","locations":[{"start":{"line":14,"column":6},"end":{"line":14,"column":17}},{"start":{"line":14,"column":21},"end":{"line":14,"column":36}}],"line":14},"2":{"loc":{"start":{"line":16,"column":9},"end":{"line":18,"column":3}},"type":"if","locations":[{"start":{"line":16,"column":9},"end":{"line":18,"column":3}},{"start":{},"end":{}}],"line":16},"3":{"loc":{"start":{"line":16,"column":13},"end":{"line":16,"column":88}},"type":"binary-expr","locations":[{"start":{"line":16,"column":13},"end":{"line":16,"column":38}},{"start":{"line":16,"column":42},"end":{"line":16,"column":88}}],"line":16},"4":{"loc":{"start":{"line":20,"column":2},"end":{"line":22,"column":3}},"type":"if","locations":[{"start":{"line":20,"column":2},"end":{"line":22,"column":3}},{"start":{},"end":{}}],"line":20},"5":{"loc":{"start":{"line":31,"column":4},"end":{"line":33,"column":5}},"type":"if","locations":[{"start":{"line":31,"column":4},"end":{"line":33,"column":5}},{"start":{},"end":{}}],"line":31},"6":{"loc":{"start":{"line":39,"column":4},"end":{"line":41,"column":5}},"type":"if","locations":[{"start":{"line":39,"column":4},"end":{"line":41,"column":5}},{"start":{},"end":{}}],"line":39},"7":{"loc":{"start":{"line":42,"column":4},"end":{"line":44,"column":5}},"type":"if","locations":[{"start":{"line":42,"column":4},"end":{"line":44,"column":5}},{"start":{},"end":{}}],"line":42},"8":{"loc":{"start":{"line":56,"column":4},"end":{"line":58,"column":5}},"type":"if","locations":[{"start":{"line":56,"column":4},"end":{"line":58,"column":5}},{"start":{},"end":{}}],"line":56},"9":{"loc":{"start":{"line":56,"column":8},"end":{"line":56,"column":51}},"type":"binary-expr","locations":[{"start":{"line":56,"column":8},"end":{"line":56,"column":17}},{"start":{"line":56,"column":21},"end":{"line":56,"column":51}}],"line":56}},"s":{"0":1,"1":1,"2":1,"3":1,"4":1,"5":0,"6":0,"7":0,"8":0,"9":0,"10":0,"11":0,"12":0,"13":0,"14":0,"15":0,"16":0,"17":0,"18":0,"19":0,"20":0,"21":0,"22":0,"23":1,"24":3,"25":0,"26":0,"27":0,"28":1},"f":{"0":0,"1":3,"2":0},"b":{"0":[0,0],"1":[0,0],"2":[0,0],"3":[0,0],"4":[0,0],"5":[0,0],"6":[0,0],"7":[0,0],"8":[0,0],"9":[0,0]},"_coverageSchema":"1a1c01bbd47fc00a2c39e90264f33305004495a9","hash":"23e8f3b20d83fc32ba0f074c4d6ba8790f310860"}
,"C:\\Users\\Dibya Das Gupta\\Documents\\Student-Management-Api\\src\\middleware\\error.middleware.js": {"path":"C:\\Users\\Dibya Das Gupta\\Documents\\Student-Management-Api\\src\\middleware\\error.middleware.js","statementMap":{"0":{"start":{"line":1,"column":17},"end":{"line":1,"column":45}},"1":{"start":{"line":7,"column":21},"end":{"line":40,"column":1}},"2":{"start":{"line":9,"column":2},"end":{"line":11,"column":3}},"3":{"start":{"line":10,"column":4},"end":{"line":10,"column":21}},"4":{"start":{"line":13,"column":14},"end":{"line":13,"column":17}},"5":{"start":{"line":16,"column":2},"end":{"line":20,"column":3}},"6":{"start":{"line":17,"column":23},"end":{"line":17,"column":64}},"7":{"start":{"line":18,"column":20},"end":{"line":18,"column":60}},"8":{"start":{"line":19,"column":4},"end":{"line":19,"column":77}},"9":{"start":{"line":23,"column":2},"end":{"line":27,"column":3}},"10":{"start":{"line":25,"column":20},"end":{"line":25,"column":51}},"11":{"start":{"line":26,"column":4},"end":{"line":26,"column":54}},"12":{"start":{"line":30,"column":19},"end":{"line":36,"column":3}},"13":{"start":{"line":39,"column":2},"end":{"line":39,"column":46}},"14":{"start":{"line":43,"column":24},"end":{"line":46,"column":1}},"15":{"start":{"line":44,"column":16},"end":{"line":44,"column":67}},"16":{"start":{"line":45,"column":2},"end":{"line":45,"column":14}},"17":{"start":{"line":48,"column":0},"end":{"line":51,"column":2}}},"fnMap":{"0":{"name":"(anonymous_0)","decl":{"start":{"line":7,"column":21},"end":{"line":7,"column":22}},"loc":{"start":{"line":7,"column":46},"end":{"line":40,"column":1}},"line":7},"1":{"name":"(anonymous_1)","decl":{"start":{"line":43,"column":24},"end":{"line":43,"column":25}},"loc":{"start":{"line":43,"column":44},"end":{"line":46,"column":1}},"line":43}},"branchMap":{"0":{"loc":{"start":{"line":9,"column":2},"end":{"line":11,"column":3}},"type":"if","locations":[{"start":{"line":9,"column":2},"end":{"line":11,"column":3}},{"start":{},"end":{}}],"line":9},"1":{"loc":{"start":{"line":16,"column":2},"end":{"line":20,"column":3}},"type":"if","locations":[{"start":{"line":16,"column":2},"end":{"line":20,"column":3}},{"start":{},"end":{}}],"line":16},"2":{"loc":{"start":{"line":17,"column":23},"end":{"line":17,"column":64}},"type":"cond-expr","locations":[{"start":{"line":17,"column":42},"end":{"line":17,"column":58}},{"start":{"line":17,"column":61},"end":{"line":17,"column":64}}],"line":17},"3":{"loc":{"start":{"line":18,"column":20},"end":{"line":18,"column":60}},"type":"binary-expr","locations":[{"start":{"line":18,"column":20},"end":{"line":18,"column":33}},{"start":{"line":18,"column":37},"end":{"line":18,"column":60}}],"line":18},"4":{"loc":{"start":{"line":19,"column":46},"end":{"line":19,"column":64}},"type":"binary-expr","locations":[{"start":{"line":19,"column":46},"end":{"line":19,"column":58}},{"start":{"line":19,"column":62},"end":{"line":19,"column":64}}],"line":19},"5":{"loc":{"start":{"line":23,"column":2},"end":{"line":27,"column":3}},"type":"if","locations":[{"start":{"line":23,"column":2},"end":{"line":27,"column":3}},{"start":{},"end":{}}],"line":23},"6":{"loc":{"start":{"line":33,"column":8},"end":{"line":33,"column":75}},"type":"binary-expr","locations":[{"start":{"line":33,"column":8},"end":{"line":33,"column":20}},{"start":{"line":33,"column":24},"end":{"line":33,"column":47}},{"start":{"line":33,"column":51},"end":{"line":33,"column":75}}],"line":33},"7":{"loc":{"start":{"line":35,"column":8},"end":{"line":35,"column":72}},"type":"binary-expr","locations":[{"start":{"line":35,"column":8},"end":{"line":35,"column":46}},{"start":{"line":35,"column":50},"end":{"line":35,"column":72}}],"line":35}},"s":{"0":1,"1":1,"2":1,"3":0,"4":1,"5":1,"6":0,"7":0,"8":0,"9":1,"10":0,"11":0,"12":1,"13":1,"14":1,"15":1,"16":1,"17":1},"f":{"0":1,"1":1},"b":{"0":[0,1],"1":[0,1],"2":[0,0],"3":[0,0],"4":[0,0],"5":[0,1],"6":[1,1,0],"7":[1,0]},"_coverageSchema":"1a1c01bbd47fc00a2c39e90264f33305004495a9","hash":"dc822bb265ba797b9aa0895c171a73328f788a43"}
,"C:\\Users\\Dibya Das Gupta\\Documents\\Student-Management-Api\\src\\routes\\auth.routes.js": {"path":"C:\\Users\\Dibya Das Gupta\\Documents\\Student-Management-Api\\src\\routes\\auth.routes.js","statementMap":{"0":{"start":{"line":1,"column":16},"end":{"line":1,"column":34}},"1":{"start":{"line":2,"column":23},"end":{"line":2,"column":64}},"2":{"start":{"line":3,"column":46},"end":{"line":3,"column":85}},"3":{"start":{"line":4,"column":17},"end":{"line":4,"column":50}},"4":{"start":{"line":6,"column":15},"end":{"line":6,"column":31}},"5":{"start":{"line":44,"column":0},"end":{"line":44,"column":79}},"6":{"start":{"line":72,"column":0},"end":{"line":72,"column":70}},"7":{"start":{"line":84,"column":0},"end":{"line":84,"column":45}},"8":{"start":{"line":86,"column":0},"end":{"line":86,"column":24}}},"fnMap":{},"branchMap":{},"s":{"0":1,"1":1,"2":1,"3":1,"4":1,"5":1,"6":1,"7":1,"8":1},"f":{},"b":{},"_coverageSchema":"1a1c01bbd47fc00a2c39e90264f33305004495a9","hash":"20359e2adbe2fa07dd4b1645d9cb7f550784de2f"}
,"C:\\Users\\Dibya Das Gupta\\Documents\\Student-Management-Api\\src\\routes\\student.routes.js": {"path":"C:\\Users\\Dibya Das Gupta\\Documents\\Student-Management-Api\\src\\routes\\student.routes.js","statementMap":{"0":{"start":{"line":1,"column":16},"end":{"line":1,"column":34}},"1":{"start":{"line":2,"column":26},"end":{"line":2,"column":70}},"2":{"start":{"line":8,"column":4},"end":{"line":8,"column":46}},"3":{"start":{"line":9,"column":17},"end":{"line":9,"column":50}},"4":{"start":{"line":10,"column":36},"end":{"line":10,"column":76}},"5":{"start":{"line":12,"column":15},"end":{"line":12,"column":31}},"6":{"start":{"line":15,"column":0},"end":{"line":15,"column":25}},"7":{"start":{"line":59,"column":0},"end":{"line":65,"column":2}},"8":{"start":{"line":96,"column":0},"end":{"line":101,"column":2}},"9":{"start":{"line":125,"column":0},"end":{"line":130,"column":2}},"10":{"start":{"line":163,"column":0},"end":{"line":169,"column":2}},"11":{"start":{"line":190,"column":0},"end":{"line":196,"column":2}},"12":{"start":{"line":198,"column":0},"end":{"line":198,"column":24}}},"fnMap":{},"branchMap":{},"s":{"0":1,"1":1,"2":1,"3":1,"4":1,"5":1,"6":1,"7":1,"8":1,"9":1,"10":1,"11":1,"12":1},"f":{},"b":{},"_coverageSchema":"1a1c01bbd47fc00a2c39e90264f33305004495a9","hash":"d2779522ac87be4943e27d4eda5d518408c2ea20"}
,"C:\\Users\\Dibya Das Gupta\\Documents\\Student-Management-Api\\src\\services\\auth.service.js": {"path":"C:\\Users\\Dibya Das Gupta\\Documents\\Student-Management-Api\\src\\services\\auth.service.js","statementMap":{"0":{"start":{"line":1,"column":11},"end":{"line":1,"column":40}},"1":{"start":{"line":2,"column":17},"end":{"line":2,"column":45}},"2":{"start":{"line":3,"column":57},"end":{"line":3,"column":87}},"3":{"start":{"line":10,"column":21},"end":{"line":35,"column":1}},"4":{"start":{"line":11,"column":54},"end":{"line":11,"column":62}},"5":{"start":{"line":14,"column":29},"end":{"line":14,"column":92}},"6":{"start":{"line":15,"column":2},"end":{"line":17,"column":3}},"7":{"start":{"line":16,"column":4},"end":{"line":16,"column":67}},"8":{"start":{"line":20,"column":25},"end":{"line":20,"column":53}},"9":{"start":{"line":23,"column":22},"end":{"line":27,"column":3}},"10":{"start":{"line":28,"column":24},"end":{"line":28,"column":88}},"11":{"start":{"line":29,"column":15},"end":{"line":29,"column":36}},"12":{"start":{"line":32,"column":16},"end":{"line":32,"column":63}},"13":{"start":{"line":34,"column":2},"end":{"line":34,"column":25}},"14":{"start":{"line":43,"column":18},"end":{"line":65,"column":1}},"15":{"start":{"line":45,"column":21},"end":{"line":45,"column":84}},"16":{"start":{"line":46,"column":2},"end":{"line":48,"column":3}},"17":{"start":{"line":47,"column":4},"end":{"line":47,"column":57}},"18":{"start":{"line":50,"column":15},"end":{"line":50,"column":33}},"19":{"start":{"line":53,"column":18},"end":{"line":53,"column":64}},"20":{"start":{"line":54,"column":2},"end":{"line":56,"column":3}},"21":{"start":{"line":55,"column":4},"end":{"line":55,"column":57}},"22":{"start":{"line":59,"column":16},"end":{"line":59,"column":63}},"23":{"start":{"line":62,"column":2},"end":{"line":62,"column":23}},"24":{"start":{"line":64,"column":2},"end":{"line":64,"column":25}},"25":{"start":{"line":67,"column":0},"end":{"line":70,"column":2}}},"fnMap":{"0":{"name":"(anonymous_0)","decl":{"start":{"line":10,"column":21},"end":{"line":10,"column":22}},"loc":{"start":{"line":10,"column":41},"end":{"line":35,"column":1}},"line":10},"1":{"name":"(anonymous_1)","decl":{"start":{"line":43,"column":18},"end":{"line":43,"column":19}},"loc":{"start":{"line":43,"column":45},"end":{"line":65,"column":1}},"line":43}},"branchMap":{"0":{"loc":{"start":{"line":11,"column":33},"end":{"line":11,"column":49}},"type":"default-arg","locations":[{"start":{"line":11,"column":40},"end":{"line":11,"column":49}}],"line":11},"1":{"loc":{"start":{"line":15,"column":2},"end":{"line":17,"column":3}},"type":"if","locations":[{"start":{"line":15,"column":2},"end":{"line":17,"column":3}},{"start":{},"end":{}}],"line":15},"2":{"loc":{"start":{"line":46,"column":2},"end":{"line":48,"column":3}},"type":"if","locations":[{"start":{"line":46,"column":2},"end":{"line":48,"column":3}},{"start":{},"end":{}}],"line":46},"3":{"loc":{"start":{"line":54,"column":2},"end":{"line":56,"column":3}},"type":"if","locations":[{"start":{"line":54,"column":2},"end":{"line":56,"column":3}},{"start":{},"end":{}}],"line":54}},"s":{"0":1,"1":1,"2":1,"3":1,"4":0,"5":0,"6":0,"7":0,"8":0,"9":0,"10":0,"11":0,"12":0,"13":0,"14":1,"15":0,"16":0,"17":0,"18":0,"19":0,"20":0,"21":0,"22":0,"23":0,"24":0,"25":1},"f":{"0":0,"1":0},"b":{"0":[0],"1":[0,0],"2":[0,0],"3":[0,0]},"_coverageSchema":"1a1c01bbd47fc00a2c39e90264f33305004495a9","hash":"de9e2c6770615c64c51e715701306fe537a22ee7"}
,"C:\\Users\\Dibya Das Gupta\\Documents\\Student-Management-Api\\src\\services\\student.service.js": {"path":"C:\\Users\\Dibya Das Gupta\\Documents\\Student-Management-Api\\src\\services\\student.service.js","statementMap":{"0":{"start":{"line":1,"column":11},"end":{"line":1,"column":40}},"1":{"start":{"line":2,"column":17},"end":{"line":2,"column":45}},"2":{"start":{"line":4,"column":22},"end":{"line":27,"column":1}},"3":{"start":{"line":5,"column":94},"end":{"line":5,"column":105}},"4":{"start":{"line":8,"column":20},"end":{"line":8,"column":81}},"5":{"start":{"line":9,"column":2},"end":{"line":11,"column":3}},"6":{"start":{"line":10,"column":4},"end":{"line":10,"column":46}},"7":{"start":{"line":13,"column":31},"end":{"line":13,"column":100}},"8":{"start":{"line":14,"column":2},"end":{"line":16,"column":3}},"9":{"start":{"line":15,"column":4},"end":{"line":15,"column":71}},"10":{"start":{"line":19,"column":22},"end":{"line":23,"column":3}},"11":{"start":{"line":24,"column":17},"end":{"line":24,"column":109}},"12":{"start":{"line":26,"column":2},"end":{"line":26,"column":24}},"13":{"start":{"line":29,"column":20},"end":{"line":110,"column":1}},"14":{"start":{"line":38,"column":6},"end":{"line":38,"column":17}},"15":{"start":{"line":40,"column":17},"end":{"line":40,"column":35}},"16":{"start":{"line":42,"column":18},"end":{"line":46,"column":3}},"17":{"start":{"line":48,"column":22},"end":{"line":48,"column":24}},"18":{"start":{"line":49,"column":19},"end":{"line":49,"column":20}},"19":{"start":{"line":52,"column":2},"end":{"line":56,"column":3}},"20":{"start":{"line":53,"column":4},"end":{"line":53,"column":54}},"21":{"start":{"line":54,"column":4},"end":{"line":54,"column":33}},"22":{"start":{"line":55,"column":4},"end":{"line":55,"column":17}},"23":{"start":{"line":59,"column":2},"end":{"line":63,"column":3}},"24":{"start":{"line":60,"column":4},"end":{"line":60,"column":50}},"25":{"start":{"line":61,"column":4},"end":{"line":61,"column":29}},"26":{"start":{"line":62,"column":4},"end":{"line":62,"column":17}},"27":{"start":{"line":66,"column":2},"end":{"line":70,"column":3}},"28":{"start":{"line":67,"column":4},"end":{"line":67,"column":125}},"29":{"start":{"line":68,"column":4},"end":{"line":68,"column":36}},"30":{"start":{"line":69,"column":4},"end":{"line":69,"column":17}},"31":{"start":{"line":73,"column":21},"end":{"line":73,"column":51}},"32":{"start":{"line":74,"column":22},"end":{"line":74,"column":61}},"33":{"start":{"line":75,"column":21},"end":{"line":75,"column":60}},"34":{"start":{"line":76,"column":21},"end":{"line":76,"column":50}},"35":{"start":{"line":79,"column":28},"end":{"line":84,"column":3}},"36":{"start":{"line":86,"column":21},"end":{"line":86,"column":65}},"37":{"start":{"line":87,"column":18},"end":{"line":87,"column":69}},"38":{"start":{"line":89,"column":20},"end":{"line":96,"column":3}},"39":{"start":{"line":98,"column":2},"end":{"line":98,"column":34}},"40":{"start":{"line":99,"column":21},"end":{"line":99,"column":59}},"41":{"start":{"line":101,"column":2},"end":{"line":109,"column":4}},"42":{"start":{"line":112,"column":23},"end":{"line":128,"column":1}},"43":{"start":{"line":113,"column":16},"end":{"line":120,"column":3}},"44":{"start":{"line":121,"column":17},"end":{"line":121,"column":44}},"45":{"start":{"line":123,"column":2},"end":{"line":125,"column":3}},"46":{"start":{"line":124,"column":4},"end":{"line":124,"column":49}},"47":{"start":{"line":127,"column":2},"end":{"line":127,"column":24}},"48":{"start":{"line":130,"column":22},"end":{"line":171,"column":1}},"49":{"start":{"line":131,"column":39},"end":{"line":131,"column":49}},"50":{"start":{"line":134,"column":2},"end":{"line":134,"column":27}},"51":{"start":{"line":137,"column":18},"end":{"line":137,"column":20}},"52":{"start":{"line":138,"column":17},"end":{"line":138,"column":19}},"53":{"start":{"line":139,"column":19},"end":{"line":139,"column":20}},"54":{"start":{"line":141,"column":2},"end":{"line":145,"column":3}},"55":{"start":{"line":142,"column":4},"end":{"line":142,"column":48}},"56":{"start":{"line":143,"column":4},"end":{"line":143,"column":28}},"57":{"start":{"line":144,"column":4},"end":{"line":144,"column":17}},"58":{"start":{"line":146,"column":2},"end":{"line":150,"column":3}},"59":{"start":{"line":147,"column":4},"end":{"line":147,"column":42}},"60":{"start":{"line":148,"column":4},"end":{"line":148,"column":22}},"61":{"start":{"line":149,"column":4},"end":{"line":149,"column":17}},"62":{"start":{"line":151,"column":2},"end":{"line":155,"column":3}},"63":{"start":{"line":152,"column":4},"end":{"line":152,"column":44}},"64":{"start":{"line":153,"column":4},"end":{"line":153,"column":24}},"65":{"start":{"line":154,"column":4},"end":{"line":154,"column":17}},"66":{"start":{"line":157,"column":2},"end":{"line":159,"column":3}},"67":{"start":{"line":158,"column":4},"end":{"line":158,"column":61}},"68":{"start":{"line":161,"column":2},"end":{"line":161,"column":18}},"69":{"start":{"line":162,"column":16},"end":{"line":167,"column":3}},"70":{"start":{"line":169,"column":17},"end":{"line":169,"column":46}},"71":{"start":{"line":170,"column":2},"end":{"line":170,"column":24}},"72":{"start":{"line":173,"column":22},"end":{"line":184,"column":1}},"73":{"start":{"line":175,"column":2},"end":{"line":175,"column":27}},"74":{"start":{"line":181,"column":16},"end":{"line":181,"column":66}},"75":{"start":{"line":182,"column":17},"end":{"line":182,"column":44}},"76":{"start":{"line":183,"column":2},"end":{"line":183,"column":24}},"77":{"start":{"line":186,"column":0},"end":{"line":192,"column":2}}},"fnMap":{"0":{"name":"(anonymous_0)","decl":{"start":{"line":4,"column":22},"end":{"line":4,"column":23}},"loc":{"start":{"line":4,"column":45},"end":{"line":27,"column":1}},"line":4},"1":{"name":"(anonymous_1)","decl":{"start":{"line":29,"column":20},"end":{"line":29,"column":21}},"loc":{"start":{"line":29,"column":43},"end":{"line":110,"column":1}},"line":29},"2":{"name":"(anonymous_2)","decl":{"start":{"line":112,"column":23},"end":{"line":112,"column":24}},"loc":{"start":{"line":112,"column":37},"end":{"line":128,"column":1}},"line":112},"3":{"name":"(anonymous_3)","decl":{"start":{"line":130,"column":22},"end":{"line":130,"column":23}},"loc":{"start":{"line":130,"column":48},"end":{"line":171,"column":1}},"line":130},"4":{"name":"(anonymous_4)","decl":{"start":{"line":173,"column":22},"end":{"line":173,"column":23}},"loc":{"start":{"line":173,"column":36},"end":{"line":184,"column":1}},"line":173}},"branchMap":{"0":{"loc":{"start":{"line":5,"column":43},"end":{"line":5,"column":54}},"type":"default-arg","locations":[{"start":{"line":5,"column":50},"end":{"line":5,"column":54}}],"line":5},"1":{"loc":{"start":{"line":5,"column":72},"end":{"line":5,"column":89}},"type":"default-arg","locations":[{"start":{"line":5,"column":81},"end":{"line":5,"column":89}}],"line":5},"2":{"loc":{"start":{"line":9,"column":2},"end":{"line":11,"column":3}},"type":"if","locations":[{"start":{"line":9,"column":2},"end":{"line":11,"column":3}},{"start":{},"end":{}}],"line":9},"3":{"loc":{"start":{"line":14,"column":2},"end":{"line":16,"column":3}},"type":"if","locations":[{"start":{"line":14,"column":2},"end":{"line":16,"column":3}},{"start":{},"end":{}}],"line":14},"4":{"loc":{"start":{"line":31,"column":4},"end":{"line":31,"column":12}},"type":"default-arg","locations":[{"start":{"line":31,"column":11},"end":{"line":31,"column":12}}],"line":31},"5":{"loc":{"start":{"line":32,"column":4},"end":{"line":32,"column":14}},"type":"default-arg","locations":[{"start":{"line":32,"column":12},"end":{"line":32,"column":14}}],"line":32},"6":{"loc":{"start":{"line":33,"column":4},"end":{"line":33,"column":26}},"type":"default-arg","locations":[{"start":{"line":33,"column":14},"end":{"line":33,"column":26}}],"line":33},"7":{"loc":{"start":{"line":34,"column":4},"end":{"line":34,"column":23}},"type":"default-arg","locations":[{"start":{"line":34,"column":17},"end":{"line":34,"column":23}}],"line":34},"8":{"loc":{"start":{"line":52,"column":2},"end":{"line":56,"column":3}},"type":"if","locations":[{"start":{"line":52,"column":2},"end":{"line":56,"column":3}},{"start":{},"end":{}}],"line":52},"9":{"loc":{"start":{"line":59,"column":2},"end":{"line":63,"column":3}},"type":"if","locations":[{"start":{"line":59,"column":2},"end":{"line":63,"column":3}},{"start":{},"end":{}}],"line":59},"10":{"loc":{"start":{"line":66,"column":2},"end":{"line":70,"column":3}},"type":"if","locations":[{"start":{"line":66,"column":2},"end":{"line":70,"column":3}},{"start":{},"end":{}}],"line":66},"11":{"loc":{"start":{"line":86,"column":21},"end":{"line":86,"column":65}},"type":"binary-expr","locations":[{"start":{"line":86,"column":21},"end":{"line":86,"column":47}},{"start":{"line":86,"column":51},"end":{"line":86,"column":65}}],"line":86},"12":{"loc":{"start":{"line":87,"column":18},"end":{"line":87,"column":69}},"type":"cond-expr","locations":[{"start":{"line":87,"column":55},"end":{"line":87,"column":60}},{"start":{"line":87,"column":63},"end":{"line":87,"column":69}}],"line":87},"13":{"loc":{"start":{"line":123,"column":2},"end":{"line":125,"column":3}},"type":"if","locations":[{"start":{"line":123,"column":2},"end":{"line":125,"column":3}},{"start":{},"end":{}}],"line":123},"14":{"loc":{"start":{"line":141,"column":2},"end":{"line":145,"column":3}},"type":"if","locations":[{"start":{"line":141,"column":2},"end":{"line":145,"column":3}},{"start":{},"end":{}}],"line":141},"15":{"loc":{"start":{"line":146,"column":2},"end":{"line":150,"column":3}},"type":"if","locations":[{"start":{"line":146,"column":2},"end":{"line":150,"column":3}},{"start":{},"end":{}}],"line":146},"16":{"loc":{"start":{"line":151,"column":2},"end":{"line":155,"column":3}},"type":"if","locations":[{"start":{"line":151,"column":2},"end":{"line":155,"column":3}},{"start":{},"end":{}}],"line":151},"17":{"loc":{"start":{"line":157,"column":2},"end":{"line":159,"column":3}},"type":"if","locations":[{"start":{"line":157,"column":2},"end":{"line":159,"column":3}},{"start":{},"end":{}}],"line":157}},"s":{"0":1,"1":1,"2":1,"3":0,"4":0,"5":0,"6":0,"7":0,"8":0,"9":0,"10":0,"11":0,"12":0,"13":1,"14":0,"15":0,"16":0,"17":0,"18":0,"19":0,"20":0,"21":0,"22":0,"23":0,"24":0,"25":0,"26":0,"27":0,"28":0,"29":0,"30":0,"31":0,"32":0,"33":0,"34":0,"35":0,"36":0,"37":0,"38":0,"39":0,"40":0,"41":0,"42":1,"43":0,"44":0,"45":0,"46":0,"47":0,"48":1,"49":0,"50":0,"51":0,"52":0,"53":0,"54":0,"55":0,"56":0,"57":0,"58":0,"59":0,"60":0,"61":0,"62":0,"63":0,"64":0,"65":0,"66":0,"67":0,"68":0,"69":0,"70":0,"71":0,"72":1,"73":0,"74":0,"75":0,"76":0,"77":1},"f":{"0":0,"1":0,"2":0,"3":0,"4":0},"b":{"0":[0],"1":[0],"2":[0,0],"3":[0,0],"4":[0],"5":[0],"6":[0],"7":[0],"8":[0,0],"9":[0,0],"10":[0,0],"11":[0,0],"12":[0,0],"13":[0,0],"14":[0,0],"15":[0,0],"16":[0,0],"17":[0,0]},"_coverageSchema":"1a1c01bbd47fc00a2c39e90264f33305004495a9","hash":"bd154cb59c974e9f8dca76933ce7cf9526337f17"}
,"C:\\Users\\Dibya Das Gupta\\Documents\\Student-Management-Api\\src\\utils\\ApiError.js": {"path":"C:\\Users\\Dibya Das Gupta\\Documents\\Student-Management-Api\\src\\utils\\ApiError.js","statementMap":{"0":{"start":{"line":13,"column":4},"end":{"line":13,"column":19}},"1":{"start":{"line":14,"column":4},"end":{"line":14,"column":33}},"2":{"start":{"line":15,"column":4},"end":{"line":15,"column":21}},"3":{"start":{"line":16,"column":4},"end":{"line":16,"column":27}},"4":{"start":{"line":17,"column":4},"end":{"line":17,"column":25}},"5":{"start":{"line":18,"column":4},"end":{"line":18,"column":25}},"6":{"start":{"line":20,"column":4},"end":{"line":24,"column":5}},"7":{"start":{"line":21,"column":6},"end":{"line":21,"column":25}},"8":{"start":{"line":23,"column":6},"end":{"line":23,"column":54}},"9":{"start":{"line":28,"column":0},"end":{"line":28,"column":26}}},"fnMap":{"0":{"name":"(anonymous_0)","decl":{"start":{"line":12,"column":2},"end":{"line":12,"column":3}},"loc":{"start":{"line":12,"column":85},"end":{"line":25,"column":3}},"line":12}},"branchMap":{"0":{"loc":{"start":{"line":12,"column":26},"end":{"line":12,"column":58}},"type":"default-arg","locations":[{"start":{"line":12,"column":36},"end":{"line":12,"column":58}}],"line":12},"1":{"loc":{"start":{"line":12,"column":60},"end":{"line":12,"column":71}},"type":"default-arg","locations":[{"start":{"line":12,"column":69},"end":{"line":12,"column":71}}],"line":12},"2":{"loc":{"start":{"line":12,"column":73},"end":{"line":12,"column":83}},"type":"default-arg","locations":[{"start":{"line":12,"column":81},"end":{"line":12,"column":83}}],"line":12},"3":{"loc":{"start":{"line":20,"column":4},"end":{"line":24,"column":5}},"type":"if","locations":[{"start":{"line":20,"column":4},"end":{"line":24,"column":5}},{"start":{"line":22,"column":11},"end":{"line":24,"column":5}}],"line":20}},"s":{"0":1,"1":1,"2":1,"3":1,"4":1,"5":1,"6":1,"7":0,"8":1,"9":1},"f":{"0":1},"b":{"0":[0],"1":[1],"2":[1],"3":[0,1]},"_coverageSchema":"1a1c01bbd47fc00a2c39e90264f33305004495a9","hash":"ff3f545ad7abd586567d9431555e64f6eb5412d0"}
,"C:\\Users\\Dibya Das Gupta\\Documents\\Student-Management-Api\\src\\utils\\asyncHandler.js": {"path":"C:\\Users\\Dibya Das Gupta\\Documents\\Student-Management-Api\\src\\utils\\asyncHandler.js","statementMap":{"0":{"start":{"line":9,"column":21},"end":{"line":13,"column":1}},"1":{"start":{"line":10,"column":2},"end":{"line":12,"column":4}},"2":{"start":{"line":11,"column":4},"end":{"line":11,"column":78}},"3":{"start":{"line":11,"column":67},"end":{"line":11,"column":76}},"4":{"start":{"line":15,"column":0},"end":{"line":15,"column":30}}},"fnMap":{"0":{"name":"(anonymous_0)","decl":{"start":{"line":9,"column":21},"end":{"line":9,"column":22}},"loc":{"start":{"line":9,"column":41},"end":{"line":13,"column":1}},"line":9},"1":{"name":"(anonymous_1)","decl":{"start":{"line":10,"column":9},"end":{"line":10,"column":10}},"loc":{"start":{"line":10,"column":29},"end":{"line":12,"column":3}},"line":10},"2":{"name":"(anonymous_2)","decl":{"start":{"line":11,"column":58},"end":{"line":11,"column":59}},"loc":{"start":{"line":11,"column":67},"end":{"line":11,"column":76}},"line":11}},"branchMap":{},"s":{"0":1,"1":9,"2":0,"3":0,"4":1},"f":{"0":9,"1":0,"2":0},"b":{},"_coverageSchema":"1a1c01bbd47fc00a2c39e90264f33305004495a9","hash":"310a8952d9265ae382547f588260501524f98e2c"}
,"C:\\Users\\Dibya Das Gupta\\Documents\\Student-Management-Api\\src\\utils\\auth.utils.js": {"path":"C:\\Users\\Dibya Das Gupta\\Documents\\Student-Management-Api\\src\\utils\\auth.utils.js","statementMap":{"0":{"start":{"line":1,"column":15},"end":{"line":1,"column":34}},"1":{"start":{"line":2,"column":12},"end":{"line":2,"column":35}},"2":{"start":{"line":9,"column":21},"end":{"line":12,"column":1}},"3":{"start":{"line":10,"column":15},"end":{"line":10,"column":39}},"4":{"start":{"line":11,"column":2},"end":{"line":11,"column":37}},"5":{"start":{"line":20,"column":24},"end":{"line":22,"column":1}},"6":{"start":{"line":21,"column":2},"end":{"line":21,"column":55}},"7":{"start":{"line":29,"column":22},"end":{"line":33,"column":1}},"8":{"start":{"line":30,"column":2},"end":{"line":32,"column":5}},"9":{"start":{"line":35,"column":0},"end":{"line":39,"column":2}}},"fnMap":{"0":{"name":"(anonymous_0)","decl":{"start":{"line":9,"column":21},"end":{"line":9,"column":22}},"loc":{"start":{"line":9,"column":41},"end":{"line":12,"column":1}},"line":9},"1":{"name":"(anonymous_1)","decl":{"start":{"line":20,"column":24},"end":{"line":20,"column":25}},"loc":{"start":{"line":20,"column":65},"end":{"line":22,"column":1}},"line":20},"2":{"name":"(anonymous_2)","decl":{"start":{"line":29,"column":22},"end":{"line":29,"column":23}},"loc":{"start":{"line":29,"column":35},"end":{"line":33,"column":1}},"line":29}},"branchMap":{"0":{"loc":{"start":{"line":31,"column":15},"end":{"line":31,"column":49}},"type":"binary-expr","locations":[{"start":{"line":31,"column":15},"end":{"line":31,"column":41}},{"start":{"line":31,"column":45},"end":{"line":31,"column":49}}],"line":31}},"s":{"0":1,"1":1,"2":1,"3":0,"4":0,"5":1,"6":0,"7":1,"8":0,"9":1},"f":{"0":0,"1":0,"2":0},"b":{"0":[0,0]},"_coverageSchema":"1a1c01bbd47fc00a2c39e90264f33305004495a9","hash":"f849f540f72b996a783c524f5d4b9792f4dd1dc5"}
,"C:\\Users\\Dibya Das Gupta\\Documents\\Student-Management-Api\\src\\validators\\auth.validator.js": {"path":"C:\\Users\\Dibya Das Gupta\\Documents\\Student-Management-Api\\src\\validators\\auth.validator.js","statementMap":{"0":{"start":{"line":1,"column":17},"end":{"line":1,"column":45}},"1":{"start":{"line":4,"column":26},"end":{"line":29,"column":1}},"2":{"start":{"line":32,"column":23},"end":{"line":43,"column":1}},"3":{"start":{"line":45,"column":0},"end":{"line":48,"column":2}}},"fnMap":{},"branchMap":{},"s":{"0":1,"1":1,"2":1,"3":1},"f":{},"b":{},"_coverageSchema":"1a1c01bbd47fc00a2c39e90264f33305004495a9","hash":"7835ac3a324af971dc84a349708f61e83f6f4f7d"}
,"C:\\Users\\Dibya Das Gupta\\Documents\\Student-Management-Api\\src\\validators\\student.validator.js": {"path":"C:\\Users\\Dibya Das Gupta\\Documents\\Student-Management-Api\\src\\validators\\student.validator.js","statementMap":{"0":{"start":{"line":1,"column":31},"end":{"line":1,"column":59}},"1":{"start":{"line":3,"column":31},"end":{"line":24,"column":1}},"2":{"start":{"line":26,"column":31},"end":{"line":39,"column":1}},"3":{"start":{"line":41,"column":28},"end":{"line":43,"column":1}},"4":{"start":{"line":46,"column":34},"end":{"line":54,"column":1}},"5":{"start":{"line":56,"column":0},"end":{"line":61,"column":2}}},"fnMap":{},"branchMap":{},"s":{"0":1,"1":1,"2":1,"3":1,"4":1,"5":1},"f":{},"b":{},"_coverageSchema":"1a1c01bbd47fc00a2c39e90264f33305004495a9","hash":"cb767e763a70a7a958ad0e9c8680395efe371edb"}
,"C:\\Users\\Dibya Das Gupta\\Documents\\Student-Management-Api\\src\\validators\\validate.js": {"path":"C:\\Users\\Dibya Das Gupta\\Documents\\Student-Management-Api\\src\\validators\\validate.js","statementMap":{"0":{"start":{"line":1,"column":29},"end":{"line":1,"column":57}},"1":{"start":{"line":2,"column":17},"end":{"line":2,"column":45}},"2":{"start":{"line":9,"column":17},"end":{"line":20,"column":1}},"3":{"start":{"line":10,"column":17},"end":{"line":10,"column":38}},"4":{"start":{"line":11,"column":2},"end":{"line":13,"column":3}},"5":{"start":{"line":12,"column":4},"end":{"line":12,"column":18}},"6":{"start":{"line":16,"column":26},"end":{"line":16,"column":28}},"7":{"start":{"line":17,"column":2},"end":{"line":17,"column":77}},"8":{"start":{"line":17,"column":30},"end":{"line":17,"column":75}},"9":{"start":{"line":19,"column":2},"end":{"line":19,"column":64}},"10":{"start":{"line":22,"column":0},"end":{"line":22,"column":26}}},"fnMap":{"0":{"name":"(anonymous_0)","decl":{"start":{"line":9,"column":17},"end":{"line":9,"column":18}},"loc":{"start":{"line":9,"column":37},"end":{"line":20,"column":1}},"line":9},"1":{"name":"(anonymous_1)","decl":{"start":{"line":17,"column":21},"end":{"line":17,"column":22}},"loc":{"start":{"line":17,"column":30},"end":{"line":17,"column":75}},"line":17}},"branchMap":{"0":{"loc":{"start":{"line":11,"column":2},"end":{"line":13,"column":3}},"type":"if","locations":[{"start":{"line":11,"column":2},"end":{"line":13,"column":3}},{"start":{},"end":{}}],"line":11}},"s":{"0":1,"1":1,"2":1,"3":0,"4":0,"5":0,"6":0,"7":0,"8":0,"9":0,"10":1},"f":{"0":0,"1":0},"b":{"0":[0,0]},"_coverageSchema":"1a1c01bbd47fc00a2c39e90264f33305004495a9","hash":"208def70f24b274989646cc67a91a14dc59b2c25"}
}
